Watching for file changes with StatReloader
Watching for file changes with StatReloader
"GET / HTTP/1.1" 200 3335
Not Found: /favicon.ico
"GET /favicon.ico HTTP/1.1" 404 3129
"GET /accounts/login/ HTTP/1.1" 200 14739
"POST /accounts/login/ HTTP/1.1" 302 0
Internal Server Error: /dashboard/
Traceback (most recent call last):
  File "/var/www/eqms/venv/lib/python3.11/site-packages/django/core/handlers/exception.py", line 55, in inner
    response = get_response(request)
               ^^^^^^^^^^^^^^^^^^^^^
  File "/var/www/eqms/venv/lib/python3.11/site-packages/django/core/handlers/base.py", line 197, in _get_response
    response = wrapped_callback(request, *callback_args, **callback_kwargs)
               ^^^^^^^^^^^^^^^^^^^^^^^^^^^^^^^^^^^^^^^^^^^^^^^^^^^^^^^^^^^^
  File "/var/www/eqms/venv/lib/python3.11/site-packages/django/contrib/auth/decorators.py", line 23, in _wrapper_view
    return view_func(request, *args, **kwargs)
           ^^^^^^^^^^^^^^^^^^^^^^^^^^^^^^^^^^^
  File "/var/www/eqms/scientific_qms/views.py", line 55, in dashboard_view
    popular_documents = Document.objects.filter(
                        ^^^^^^^^^^^^^^^^^^^^^^^^
  File "/var/www/eqms/venv/lib/python3.11/site-packages/django/db/models/manager.py", line 87, in manager_method
    return getattr(self.get_queryset(), name)(*args, **kwargs)
           ^^^^^^^^^^^^^^^^^^^^^^^^^^^^^^^^^^^^^^^^^^^^^^^^^^^
  File "/var/www/eqms/venv/lib/python3.11/site-packages/django/db/models/query.py", line 1476, in filter
    return self._filter_or_exclude(False, args, kwargs)
           ^^^^^^^^^^^^^^^^^^^^^^^^^^^^^^^^^^^^^^^^^^^^
  File "/var/www/eqms/venv/lib/python3.11/site-packages/django/db/models/query.py", line 1494, in _filter_or_exclude
    clone._filter_or_exclude_inplace(negate, args, kwargs)
  File "/var/www/eqms/venv/lib/python3.11/site-packages/django/db/models/query.py", line 1501, in _filter_or_exclude_inplace
    self._query.add_q(Q(*args, **kwargs))
  File "/var/www/eqms/venv/lib/python3.11/site-packages/django/db/models/sql/query.py", line 1602, in add_q
    clause, _ = self._add_q(q_object, self.used_aliases)
                ^^^^^^^^^^^^^^^^^^^^^^^^^^^^^^^^^^^^^^^^
  File "/var/www/eqms/venv/lib/python3.11/site-packages/django/db/models/sql/query.py", line 1634, in _add_q
    child_clause, needed_inner = self.build_filter(
                                 ^^^^^^^^^^^^^^^^^^
  File "/var/www/eqms/venv/lib/python3.11/site-packages/django/db/models/sql/query.py", line 1484, in build_filter
    lookups, parts, reffed_expression = self.solve_lookup_type(arg, summarize)
                                        ^^^^^^^^^^^^^^^^^^^^^^^^^^^^^^^^^^^^^^
  File "/var/www/eqms/venv/lib/python3.11/site-packages/django/db/models/sql/query.py", line 1296, in solve_lookup_type
    _, field, _, lookup_parts = self.names_to_path(lookup_splitted, self.get_meta())
                                ^^^^^^^^^^^^^^^^^^^^^^^^^^^^^^^^^^^^^^^^^^^^^^^^^^^^
  File "/var/www/eqms/venv/lib/python3.11/site-packages/django/db/models/sql/query.py", line 1761, in names_to_path
    raise FieldError(
django.core.exceptions.FieldError: Cannot resolve keyword 'documentaccess' into field. Choices are: access_logs, approvals, author, author_id, category, category_id, comments, created_date, departments, description, distributions, document_id, document_type, effective_date, expiry_date, file, file_pages, file_size, id, is_controlled, is_public, keywords, language, owner, owner_id, requires_training, retention_years, review_date, status, title, title_en, version, versions
"GET /dashboard/ HTTP/1.1" 500 111916
"GET /accounts/login/ HTTP/1.1" 302 0
"GET /accounts/login/ HTTP/1.1" 302 0
Internal Server Error: /dashboard/
Traceback (most recent call last):
  File "/var/www/eqms/venv/lib/python3.11/site-packages/django/core/handlers/exception.py", line 55, in inner
    response = get_response(request)
               ^^^^^^^^^^^^^^^^^^^^^
  File "/var/www/eqms/venv/lib/python3.11/site-packages/django/core/handlers/base.py", line 197, in _get_response
    response = wrapped_callback(request, *callback_args, **callback_kwargs)
               ^^^^^^^^^^^^^^^^^^^^^^^^^^^^^^^^^^^^^^^^^^^^^^^^^^^^^^^^^^^^
  File "/var/www/eqms/venv/lib/python3.11/site-packages/django/contrib/auth/decorators.py", line 23, in _wrapper_view
    return view_func(request, *args, **kwargs)
           ^^^^^^^^^^^^^^^^^^^^^^^^^^^^^^^^^^^
  File "/var/www/eqms/scientific_qms/views.py", line 55, in dashboard_view
    popular_documents = Document.objects.filter(
                        ^^^^^^^^^^^^^^^^^^^^^^^^
  File "/var/www/eqms/venv/lib/python3.11/site-packages/django/db/models/manager.py", line 87, in manager_method
    return getattr(self.get_queryset(), name)(*args, **kwargs)
           ^^^^^^^^^^^^^^^^^^^^^^^^^^^^^^^^^^^^^^^^^^^^^^^^^^^
  File "/var/www/eqms/venv/lib/python3.11/site-packages/django/db/models/query.py", line 1476, in filter
    return self._filter_or_exclude(False, args, kwargs)
           ^^^^^^^^^^^^^^^^^^^^^^^^^^^^^^^^^^^^^^^^^^^^
  File "/var/www/eqms/venv/lib/python3.11/site-packages/django/db/models/query.py", line 1494, in _filter_or_exclude
    clone._filter_or_exclude_inplace(negate, args, kwargs)
  File "/var/www/eqms/venv/lib/python3.11/site-packages/django/db/models/query.py", line 1501, in _filter_or_exclude_inplace
    self._query.add_q(Q(*args, **kwargs))
  File "/var/www/eqms/venv/lib/python3.11/site-packages/django/db/models/sql/query.py", line 1602, in add_q
    clause, _ = self._add_q(q_object, self.used_aliases)
                ^^^^^^^^^^^^^^^^^^^^^^^^^^^^^^^^^^^^^^^^
  File "/var/www/eqms/venv/lib/python3.11/site-packages/django/db/models/sql/query.py", line 1634, in _add_q
    child_clause, needed_inner = self.build_filter(
                                 ^^^^^^^^^^^^^^^^^^
  File "/var/www/eqms/venv/lib/python3.11/site-packages/django/db/models/sql/query.py", line 1484, in build_filter
    lookups, parts, reffed_expression = self.solve_lookup_type(arg, summarize)
                                        ^^^^^^^^^^^^^^^^^^^^^^^^^^^^^^^^^^^^^^
  File "/var/www/eqms/venv/lib/python3.11/site-packages/django/db/models/sql/query.py", line 1296, in solve_lookup_type
    _, field, _, lookup_parts = self.names_to_path(lookup_splitted, self.get_meta())
                                ^^^^^^^^^^^^^^^^^^^^^^^^^^^^^^^^^^^^^^^^^^^^^^^^^^^^
  File "/var/www/eqms/venv/lib/python3.11/site-packages/django/db/models/sql/query.py", line 1761, in names_to_path
    raise FieldError(
django.core.exceptions.FieldError: Cannot resolve keyword 'documentaccess' into field. Choices are: access_logs, approvals, author, author_id, category, category_id, comments, created_date, departments, description, distributions, document_id, document_type, effective_date, expiry_date, file, file_pages, file_size, id, is_controlled, is_public, keywords, language, owner, owner_id, requires_training, retention_years, review_date, status, title, title_en, version, versions
"GET /dashboard/ HTTP/1.1" 500 111774
"GET / HTTP/1.1" 200 3335
"GET /accounts/login/ HTTP/1.1" 302 0
Internal Server Error: /dashboard/
Traceback (most recent call last):
  File "/var/www/eqms/venv/lib/python3.11/site-packages/django/core/handlers/exception.py", line 55, in inner
    response = get_response(request)
               ^^^^^^^^^^^^^^^^^^^^^
  File "/var/www/eqms/venv/lib/python3.11/site-packages/django/core/handlers/base.py", line 197, in _get_response
    response = wrapped_callback(request, *callback_args, **callback_kwargs)
               ^^^^^^^^^^^^^^^^^^^^^^^^^^^^^^^^^^^^^^^^^^^^^^^^^^^^^^^^^^^^
  File "/var/www/eqms/venv/lib/python3.11/site-packages/django/contrib/auth/decorators.py", line 23, in _wrapper_view
    return view_func(request, *args, **kwargs)
           ^^^^^^^^^^^^^^^^^^^^^^^^^^^^^^^^^^^
  File "/var/www/eqms/scientific_qms/views.py", line 55, in dashboard_view
    popular_documents = Document.objects.filter(
                        ^^^^^^^^^^^^^^^^^^^^^^^^
  File "/var/www/eqms/venv/lib/python3.11/site-packages/django/db/models/manager.py", line 87, in manager_method
    return getattr(self.get_queryset(), name)(*args, **kwargs)
           ^^^^^^^^^^^^^^^^^^^^^^^^^^^^^^^^^^^^^^^^^^^^^^^^^^^
  File "/var/www/eqms/venv/lib/python3.11/site-packages/django/db/models/query.py", line 1476, in filter
    return self._filter_or_exclude(False, args, kwargs)
           ^^^^^^^^^^^^^^^^^^^^^^^^^^^^^^^^^^^^^^^^^^^^
  File "/var/www/eqms/venv/lib/python3.11/site-packages/django/db/models/query.py", line 1494, in _filter_or_exclude
    clone._filter_or_exclude_inplace(negate, args, kwargs)
  File "/var/www/eqms/venv/lib/python3.11/site-packages/django/db/models/query.py", line 1501, in _filter_or_exclude_inplace
    self._query.add_q(Q(*args, **kwargs))
  File "/var/www/eqms/venv/lib/python3.11/site-packages/django/db/models/sql/query.py", line 1602, in add_q
    clause, _ = self._add_q(q_object, self.used_aliases)
                ^^^^^^^^^^^^^^^^^^^^^^^^^^^^^^^^^^^^^^^^
  File "/var/www/eqms/venv/lib/python3.11/site-packages/django/db/models/sql/query.py", line 1634, in _add_q
    child_clause, needed_inner = self.build_filter(
                                 ^^^^^^^^^^^^^^^^^^
  File "/var/www/eqms/venv/lib/python3.11/site-packages/django/db/models/sql/query.py", line 1484, in build_filter
    lookups, parts, reffed_expression = self.solve_lookup_type(arg, summarize)
                                        ^^^^^^^^^^^^^^^^^^^^^^^^^^^^^^^^^^^^^^
  File "/var/www/eqms/venv/lib/python3.11/site-packages/django/db/models/sql/query.py", line 1296, in solve_lookup_type
    _, field, _, lookup_parts = self.names_to_path(lookup_splitted, self.get_meta())
                                ^^^^^^^^^^^^^^^^^^^^^^^^^^^^^^^^^^^^^^^^^^^^^^^^^^^^
  File "/var/www/eqms/venv/lib/python3.11/site-packages/django/db/models/sql/query.py", line 1761, in names_to_path
    raise FieldError(
django.core.exceptions.FieldError: Cannot resolve keyword 'documentaccess' into field. Choices are: access_logs, approvals, author, author_id, category, category_id, comments, created_date, departments, description, distributions, document_id, document_type, effective_date, expiry_date, file, file_pages, file_size, id, is_controlled, is_public, keywords, language, owner, owner_id, requires_training, retention_years, review_date, status, title, title_en, version, versions
"GET /dashboard/ HTTP/1.1" 500 111774
Watching for file changes with StatReloader
Internal Server Error: /dashboard/
Traceback (most recent call last):
  File "/var/www/eqms/venv/lib/python3.11/site-packages/django/core/handlers/exception.py", line 55, in inner
    response = get_response(request)
               ^^^^^^^^^^^^^^^^^^^^^
  File "/var/www/eqms/venv/lib/python3.11/site-packages/django/core/handlers/base.py", line 197, in _get_response
    response = wrapped_callback(request, *callback_args, **callback_kwargs)
               ^^^^^^^^^^^^^^^^^^^^^^^^^^^^^^^^^^^^^^^^^^^^^^^^^^^^^^^^^^^^
  File "/var/www/eqms/venv/lib/python3.11/site-packages/django/contrib/auth/decorators.py", line 23, in _wrapper_view
    return view_func(request, *args, **kwargs)
           ^^^^^^^^^^^^^^^^^^^^^^^^^^^^^^^^^^^
  File "/var/www/eqms/scientific_qms/views.py", line 55, in dashboard_view
    popular_documents = Document.objects.filter(
                        ^^^^^^^^^^^^^^^^^^^^^^^^
  File "/var/www/eqms/venv/lib/python3.11/site-packages/django/db/models/manager.py", line 87, in manager_method
    return getattr(self.get_queryset(), name)(*args, **kwargs)
           ^^^^^^^^^^^^^^^^^^^^^^^^^^^^^^^^^^^^^^^^^^^^^^^^^^^
  File "/var/www/eqms/venv/lib/python3.11/site-packages/django/db/models/query.py", line 1476, in filter
    return self._filter_or_exclude(False, args, kwargs)
           ^^^^^^^^^^^^^^^^^^^^^^^^^^^^^^^^^^^^^^^^^^^^
  File "/var/www/eqms/venv/lib/python3.11/site-packages/django/db/models/query.py", line 1494, in _filter_or_exclude
    clone._filter_or_exclude_inplace(negate, args, kwargs)
  File "/var/www/eqms/venv/lib/python3.11/site-packages/django/db/models/query.py", line 1501, in _filter_or_exclude_inplace
    self._query.add_q(Q(*args, **kwargs))
  File "/var/www/eqms/venv/lib/python3.11/site-packages/django/db/models/sql/query.py", line 1602, in add_q
    clause, _ = self._add_q(q_object, self.used_aliases)
                ^^^^^^^^^^^^^^^^^^^^^^^^^^^^^^^^^^^^^^^^
  File "/var/www/eqms/venv/lib/python3.11/site-packages/django/db/models/sql/query.py", line 1634, in _add_q
    child_clause, needed_inner = self.build_filter(
                                 ^^^^^^^^^^^^^^^^^^
  File "/var/www/eqms/venv/lib/python3.11/site-packages/django/db/models/sql/query.py", line 1484, in build_filter
    lookups, parts, reffed_expression = self.solve_lookup_type(arg, summarize)
                                        ^^^^^^^^^^^^^^^^^^^^^^^^^^^^^^^^^^^^^^
  File "/var/www/eqms/venv/lib/python3.11/site-packages/django/db/models/sql/query.py", line 1296, in solve_lookup_type
    _, field, _, lookup_parts = self.names_to_path(lookup_splitted, self.get_meta())
                                ^^^^^^^^^^^^^^^^^^^^^^^^^^^^^^^^^^^^^^^^^^^^^^^^^^^^
  File "/var/www/eqms/venv/lib/python3.11/site-packages/django/db/models/sql/query.py", line 1761, in names_to_path
    raise FieldError(
django.core.exceptions.FieldError: Cannot resolve keyword 'documentaccess' into field. Choices are: access_logs, approvals, author, author_id, category, category_id, comments, created_date, departments, description, distributions, document_id, document_type, effective_date, expiry_date, file, file_pages, file_size, id, is_controlled, is_public, keywords, language, owner, owner_id, requires_training, retention_years, review_date, status, title, title_en, version, versions
"GET /dashboard/ HTTP/1.1" 500 111901
"GET /accounts/login/ HTTP/1.1" 302 0
Internal Server Error: /dashboard/
Traceback (most recent call last):
  File "/var/www/eqms/venv/lib/python3.11/site-packages/django/core/handlers/exception.py", line 55, in inner
    response = get_response(request)
               ^^^^^^^^^^^^^^^^^^^^^
  File "/var/www/eqms/venv/lib/python3.11/site-packages/django/core/handlers/base.py", line 197, in _get_response
    response = wrapped_callback(request, *callback_args, **callback_kwargs)
               ^^^^^^^^^^^^^^^^^^^^^^^^^^^^^^^^^^^^^^^^^^^^^^^^^^^^^^^^^^^^
  File "/var/www/eqms/venv/lib/python3.11/site-packages/django/contrib/auth/decorators.py", line 23, in _wrapper_view
    return view_func(request, *args, **kwargs)
           ^^^^^^^^^^^^^^^^^^^^^^^^^^^^^^^^^^^
  File "/var/www/eqms/scientific_qms/views.py", line 55, in dashboard_view
    popular_documents = Document.objects.filter(
                        ^^^^^^^^^^^^^^^^^^^^^^^^
  File "/var/www/eqms/venv/lib/python3.11/site-packages/django/db/models/manager.py", line 87, in manager_method
    return getattr(self.get_queryset(), name)(*args, **kwargs)
           ^^^^^^^^^^^^^^^^^^^^^^^^^^^^^^^^^^^^^^^^^^^^^^^^^^^
  File "/var/www/eqms/venv/lib/python3.11/site-packages/django/db/models/query.py", line 1476, in filter
    return self._filter_or_exclude(False, args, kwargs)
           ^^^^^^^^^^^^^^^^^^^^^^^^^^^^^^^^^^^^^^^^^^^^
  File "/var/www/eqms/venv/lib/python3.11/site-packages/django/db/models/query.py", line 1494, in _filter_or_exclude
    clone._filter_or_exclude_inplace(negate, args, kwargs)
  File "/var/www/eqms/venv/lib/python3.11/site-packages/django/db/models/query.py", line 1501, in _filter_or_exclude_inplace
    self._query.add_q(Q(*args, **kwargs))
  File "/var/www/eqms/venv/lib/python3.11/site-packages/django/db/models/sql/query.py", line 1602, in add_q
    clause, _ = self._add_q(q_object, self.used_aliases)
                ^^^^^^^^^^^^^^^^^^^^^^^^^^^^^^^^^^^^^^^^
  File "/var/www/eqms/venv/lib/python3.11/site-packages/django/db/models/sql/query.py", line 1634, in _add_q
    child_clause, needed_inner = self.build_filter(
                                 ^^^^^^^^^^^^^^^^^^
  File "/var/www/eqms/venv/lib/python3.11/site-packages/django/db/models/sql/query.py", line 1484, in build_filter
    lookups, parts, reffed_expression = self.solve_lookup_type(arg, summarize)
                                        ^^^^^^^^^^^^^^^^^^^^^^^^^^^^^^^^^^^^^^
  File "/var/www/eqms/venv/lib/python3.11/site-packages/django/db/models/sql/query.py", line 1296, in solve_lookup_type
    _, field, _, lookup_parts = self.names_to_path(lookup_splitted, self.get_meta())
                                ^^^^^^^^^^^^^^^^^^^^^^^^^^^^^^^^^^^^^^^^^^^^^^^^^^^^
  File "/var/www/eqms/venv/lib/python3.11/site-packages/django/db/models/sql/query.py", line 1761, in names_to_path
    raise FieldError(
django.core.exceptions.FieldError: Cannot resolve keyword 'documentaccess' into field. Choices are: access_logs, approvals, author, author_id, category, category_id, comments, created_date, departments, description, distributions, document_id, document_type, effective_date, expiry_date, file, file_pages, file_size, id, is_controlled, is_public, keywords, language, owner, owner_id, requires_training, retention_years, review_date, status, title, title_en, version, versions
"GET /dashboard/ HTTP/1.1" 500 111605
code 400, message Bad request version ('\x9cÓ\x83')
You're accessing the development server over HTTPS, but it only supports HTTP.
code 400, message Bad request version ('©ÿú\x00')
You're accessing the development server over HTTPS, but it only supports HTTP.
"GET /dashboard/ HTTP/1.1" 302 0
"GET /accounts/login/?next=/dashboard/ HTTP/1.1" 200 14756
"POST /accounts/login/ HTTP/1.1" 200 16245
"POST /accounts/login/ HTTP/1.1" 302 0
Internal Server Error: /dashboard/
Traceback (most recent call last):
  File "/var/www/eqms/venv/lib/python3.11/site-packages/django/core/handlers/exception.py", line 55, in inner
    response = get_response(request)
               ^^^^^^^^^^^^^^^^^^^^^
  File "/var/www/eqms/venv/lib/python3.11/site-packages/django/core/handlers/base.py", line 197, in _get_response
    response = wrapped_callback(request, *callback_args, **callback_kwargs)
               ^^^^^^^^^^^^^^^^^^^^^^^^^^^^^^^^^^^^^^^^^^^^^^^^^^^^^^^^^^^^
  File "/var/www/eqms/venv/lib/python3.11/site-packages/django/contrib/auth/decorators.py", line 23, in _wrapper_view
    return view_func(request, *args, **kwargs)
           ^^^^^^^^^^^^^^^^^^^^^^^^^^^^^^^^^^^
  File "/var/www/eqms/scientific_qms/views.py", line 55, in dashboard_view
    popular_documents = Document.objects.filter(
                        ^^^^^^^^^^^^^^^^^^^^^^^^
  File "/var/www/eqms/venv/lib/python3.11/site-packages/django/db/models/manager.py", line 87, in manager_method
    return getattr(self.get_queryset(), name)(*args, **kwargs)
           ^^^^^^^^^^^^^^^^^^^^^^^^^^^^^^^^^^^^^^^^^^^^^^^^^^^
  File "/var/www/eqms/venv/lib/python3.11/site-packages/django/db/models/query.py", line 1476, in filter
    return self._filter_or_exclude(False, args, kwargs)
           ^^^^^^^^^^^^^^^^^^^^^^^^^^^^^^^^^^^^^^^^^^^^
  File "/var/www/eqms/venv/lib/python3.11/site-packages/django/db/models/query.py", line 1494, in _filter_or_exclude
    clone._filter_or_exclude_inplace(negate, args, kwargs)
  File "/var/www/eqms/venv/lib/python3.11/site-packages/django/db/models/query.py", line 1501, in _filter_or_exclude_inplace
    self._query.add_q(Q(*args, **kwargs))
  File "/var/www/eqms/venv/lib/python3.11/site-packages/django/db/models/sql/query.py", line 1602, in add_q
    clause, _ = self._add_q(q_object, self.used_aliases)
                ^^^^^^^^^^^^^^^^^^^^^^^^^^^^^^^^^^^^^^^^
  File "/var/www/eqms/venv/lib/python3.11/site-packages/django/db/models/sql/query.py", line 1634, in _add_q
    child_clause, needed_inner = self.build_filter(
                                 ^^^^^^^^^^^^^^^^^^
  File "/var/www/eqms/venv/lib/python3.11/site-packages/django/db/models/sql/query.py", line 1484, in build_filter
    lookups, parts, reffed_expression = self.solve_lookup_type(arg, summarize)
                                        ^^^^^^^^^^^^^^^^^^^^^^^^^^^^^^^^^^^^^^
  File "/var/www/eqms/venv/lib/python3.11/site-packages/django/db/models/sql/query.py", line 1296, in solve_lookup_type
    _, field, _, lookup_parts = self.names_to_path(lookup_splitted, self.get_meta())
                                ^^^^^^^^^^^^^^^^^^^^^^^^^^^^^^^^^^^^^^^^^^^^^^^^^^^^
  File "/var/www/eqms/venv/lib/python3.11/site-packages/django/db/models/sql/query.py", line 1761, in names_to_path
    raise FieldError(
django.core.exceptions.FieldError: Cannot resolve keyword 'documentaccess' into field. Choices are: access_logs, approvals, author, author_id, category, category_id, comments, created_date, departments, description, distributions, document_id, document_type, effective_date, expiry_date, file, file_pages, file_size, id, is_controlled, is_public, keywords, language, owner, owner_id, requires_training, retention_years, review_date, status, title, title_en, version, versions
"GET /dashboard/ HTTP/1.1" 500 111883
